08-03-2020 20:19:08 TestUtil.java INFO  [main] 18 - Executing the test method class com.qa.freecrm.util.TestUtil
08-03-2020 20:19:08 TestUtil.java INFO  [main] 18 - Executing the test method class com.qa.freecrm.util.TestUtil
08-03-2020 20:19:08 BasePage.java INFO  [main] 67 - Loading the config properties --->
08-03-2020 20:19:14 BasePage.java INFO  [main] 36 - Launching the browser --->chrome
08-03-2020 20:19:17 BasePage.java INFO  [main] 40 - Naviagting to url --->https://app.hubspot.com/login
08-03-2020 20:19:17 TestUtil.java INFO  [main] 18 - Executing the test method class com.qa.freecrm.util.TestUtil
08-03-2020 20:19:30 TC_VerifyLoginTest.java INFO  [main] 34 - The login page title is verified --->HubSpot Login
08-03-2020 20:19:31 LoginPage.java INFO  [main] 41 - Log in with the credentials --->muhammedhashin16@gmail.com & Seleniumtesting2020
08-03-2020 20:19:33 LoginPage.java INFO  [main] 45 - Logged in successfully
08-03-2020 20:20:34 BasePage.java INFO  [main] 67 - Loading the config properties --->
08-03-2020 20:20:40 BasePage.java INFO  [main] 36 - Launching the browser --->chrome
08-03-2020 20:20:42 BasePage.java INFO  [main] 40 - Naviagting to url --->https://app.hubspot.com/login
08-03-2020 20:20:52 LoginPage.java INFO  [main] 57 - Email address field is present on the Login page
08-03-2020 20:20:52 LoginPage.java INFO  [main] 63 - Password field is present on the Login page
08-03-2020 20:20:52 LoginPage.java INFO  [main] 69 - Login button is present on the Login page
08-03-2020 20:20:53 LoginPage.java INFO  [main] 74 - Sign up link is present on the Login page
08-03-2020 20:20:53 LoginPage.java INFO  [main] 84 - Forgot Mypassword link is present on the Login page
08-03-2020 20:20:53 LoginPage.java INFO  [main] 79 - Show password link is present on the Login page
08-03-2020 20:20:53 TC_VerifyLoginTest.java INFO  [main] 34 - The login page title is verified --->HubSpot Login
08-03-2020 20:20:53 LoginPage.java INFO  [main] 41 - Log in with the credentials --->muhammedhashin16@gmail.com & Seleniumtesting2020
08-03-2020 20:20:55 LoginPage.java INFO  [main] 45 - Logged in successfully
08-11-2020 16:01:08 BasePage.java INFO  [main] 67 - Loading the config properties --->
08-11-2020 16:01:13 BasePage.java INFO  [main] 36 - Launching the browser --->chrome
08-11-2020 16:01:24 BasePage.java INFO  [main] 40 - Naviagting to url --->https://app.hubspot.com/login
08-11-2020 16:01:38 LoginPage.java INFO  [main] 57 - Email address field is present on the Login page
08-11-2020 16:01:38 LoginPage.java INFO  [main] 63 - Password field is present on the Login page
08-11-2020 16:01:38 LoginPage.java INFO  [main] 69 - Login button is present on the Login page
08-11-2020 16:01:38 LoginPage.java INFO  [main] 74 - Sign up link is present on the Login page
08-11-2020 16:01:38 LoginPage.java INFO  [main] 84 - Forgot Mypassword link is present on the Login page
08-11-2020 16:01:38 LoginPage.java INFO  [main] 79 - Show password link is present on the Login page
08-11-2020 16:01:38 TC_VerifyLoginTest.java INFO  [main] 34 - The login page title is verified --->HubSpot Login
08-11-2020 16:01:38 LoginPage.java INFO  [main] 41 - Log in with the credentials --->muhammedhashin16@gmail.com & Seleniumtesting2020
08-11-2020 16:01:40 LoginPage.java INFO  [main] 45 - Logged in successfully
08-11-2020 16:06:34 BasePage.java INFO  [main] 67 - Loading the config properties --->
08-11-2020 16:06:40 BasePage.java INFO  [main] 36 - Launching the browser --->chrome
08-11-2020 16:06:43 BasePage.java INFO  [main] 40 - Naviagting to url --->https://app.hubspot.com/login
08-11-2020 16:06:43 TC_VerifyLoginTest.java INFO  [main] 22 - Test case is started ---> verifyLoginFieldsDisplayed
08-11-2020 16:06:54 LoginPage.java INFO  [main] 57 - Email address field is present on the Login page
08-11-2020 16:06:54 LoginPage.java INFO  [main] 63 - Password field is present on the Login page
08-11-2020 16:06:55 LoginPage.java INFO  [main] 69 - Login button is present on the Login page
08-11-2020 16:06:55 LoginPage.java INFO  [main] 74 - Sign up link is present on the Login page
08-11-2020 16:06:55 LoginPage.java INFO  [main] 84 - Forgot Mypassword link is present on the Login page
08-11-2020 16:06:55 LoginPage.java INFO  [main] 79 - Show password link is present on the Login page
08-11-2020 16:06:55 TC_VerifyLoginTest.java INFO  [main] 33 - Test case is started ---> verifyLoginPageTitle
08-11-2020 16:06:55 TC_VerifyLoginTest.java INFO  [main] 36 - The login page title is verified --->HubSpot Login
08-11-2020 16:06:55 TC_VerifyLoginTest.java INFO  [main] 41 - Test case is started ---> verifyLogin
08-11-2020 16:06:55 LoginPage.java INFO  [main] 41 - Log in with the credentials --->muhammedhashin16@gmail.com & Seleniumtesting2020
08-11-2020 16:06:57 LoginPage.java INFO  [main] 45 - Logged in successfully
08-11-2020 16:08:55 BasePage.java INFO  [main] 67 - Loading the config properties --->
08-11-2020 16:09:02 BasePage.java INFO  [main] 36 - Launching the browser --->chrome
08-11-2020 16:09:06 BasePage.java INFO  [main] 40 - Naviagting to url --->https://app.hubspot.com/login
08-11-2020 16:09:07 TC_VerifyLoginTest.java INFO  [main] 22 - Test case is started ---> verifyLoginFieldsDisplayed
08-11-2020 16:09:16 LoginPage.java INFO  [main] 57 - Email address field ---> is present on the Login page
08-11-2020 16:09:16 LoginPage.java INFO  [main] 63 - Password field ---> is present on the Login page
08-11-2020 16:09:16 LoginPage.java INFO  [main] 69 - Login button ---> is present on the Login page
08-11-2020 16:09:16 LoginPage.java INFO  [main] 74 - Sign up link ---> is present on the Login page
08-11-2020 16:09:16 LoginPage.java INFO  [main] 84 - Forgot Mypassword link ---> is present on the Login page
08-11-2020 16:09:16 LoginPage.java INFO  [main] 79 - Show password link ---> is present on the Login page
08-11-2020 16:09:17 TC_VerifyLoginTest.java INFO  [main] 33 - Test case is started ---> verifyLoginPageTitle
08-11-2020 16:09:17 TC_VerifyLoginTest.java INFO  [main] 36 - The login page title is verified --->HubSpot Login
08-11-2020 16:09:17 TC_VerifyLoginTest.java INFO  [main] 41 - Test case is started ---> verifyLogin
08-11-2020 16:09:17 LoginPage.java INFO  [main] 41 - Log in with the credentials --->muhammedhashin16@gmail.com & Seleniumtesting2020
08-11-2020 16:09:18 LoginPage.java INFO  [main] 45 - Logged in successfully
08-12-2020 13:33:44 BasePage.java INFO  [main] 67 - Loading the config properties --->
08-12-2020 13:33:50 BasePage.java INFO  [main] 36 - Launching the browser --->chrome
08-12-2020 13:33:52 BasePage.java INFO  [main] 40 - Naviagting to url --->https://app.hubspot.com/login
08-12-2020 13:34:04 LoginPage.java INFO  [main] 41 - Log in with the credentials --->muhammedhashin16@gmail.com & Seleniumtesting2020
08-12-2020 13:34:05 LoginPage.java INFO  [main] 45 - Logged in successfully
08-12-2020 13:36:18 BasePage.java INFO  [main] 67 - Loading the config properties --->
08-12-2020 13:36:24 BasePage.java INFO  [main] 36 - Launching the browser --->chrome
08-12-2020 13:36:26 BasePage.java INFO  [main] 40 - Naviagting to url --->https://app.hubspot.com/login
08-12-2020 13:36:39 LoginPage.java INFO  [main] 41 - Log in with the credentials --->muhammedhashin16@gmail.com & Seleniumtesting2020
08-12-2020 13:36:40 LoginPage.java INFO  [main] 45 - Logged in successfully
08-12-2020 13:47:45 BasePage.java INFO  [main] 67 - Loading the config properties --->
08-12-2020 13:47:52 BasePage.java INFO  [main] 36 - Launching the browser --->chrome
08-12-2020 13:47:58 BasePage.java INFO  [main] 40 - Naviagting to url --->https://app.hubspot.com/login
08-12-2020 13:48:11 LoginPage.java INFO  [main] 41 - Log in with the credentials --->muhammedhashin16@gmail.com & Seleniumtesting2020
08-12-2020 13:48:12 LoginPage.java INFO  [main] 45 - Logged in successfully
08-12-2020 15:51:26 BasePage.java INFO  [main] 67 - Loading the config properties --->
08-12-2020 15:51:35 BasePage.java INFO  [main] 36 - Launching the browser --->chrome
08-12-2020 15:51:42 BasePage.java INFO  [main] 40 - Naviagting to url --->https://app.hubspot.com/login
08-12-2020 15:53:33 BasePage.java INFO  [main] 67 - Loading the config properties --->
08-12-2020 15:53:40 BasePage.java INFO  [main] 36 - Launching the browser --->chrome
08-12-2020 15:53:47 BasePage.java INFO  [main] 40 - Naviagting to url --->https://app.hubspot.com/login
08-12-2020 15:59:48 BasePage.java INFO  [main] 67 - Loading the config properties --->
08-12-2020 15:59:54 BasePage.java INFO  [main] 36 - Launching the browser --->chrome
08-12-2020 15:59:59 BasePage.java INFO  [main] 40 - Naviagting to url --->https://app.hubspot.com/login
08-12-2020 16:01:01 BasePage.java INFO  [main] 67 - Loading the config properties --->
08-12-2020 16:01:13 BasePage.java INFO  [main] 36 - Launching the browser --->chrome
08-12-2020 16:01:32 BasePage.java INFO  [main] 40 - Naviagting to url --->https://app.hubspot.com/login
08-12-2020 16:02:05 LoginPage.java INFO  [main] 41 - Log in with the credentials --->muhammedhashin16@gmail.com & Seleniumtesting2020
08-12-2020 16:02:06 LoginPage.java INFO  [main] 45 - Logged in successfully
08-12-2020 16:03:48 BasePage.java INFO  [main] 67 - Loading the config properties --->
08-12-2020 16:03:54 BasePage.java INFO  [main] 36 - Launching the browser --->chrome
08-12-2020 16:03:57 BasePage.java INFO  [main] 40 - Naviagting to url --->https://app.hubspot.com/login
08-12-2020 16:04:15 LoginPage.java INFO  [main] 41 - Log in with the credentials --->muhammedhashin16@gmail.com & Seleniumtesting2020
08-12-2020 16:04:16 LoginPage.java INFO  [main] 45 - Logged in successfully
08-12-2020 16:06:05 BasePage.java INFO  [main] 67 - Loading the config properties --->
08-12-2020 16:06:10 BasePage.java INFO  [main] 36 - Launching the browser --->chrome
08-12-2020 16:06:18 BasePage.java INFO  [main] 40 - Naviagting to url --->https://app.hubspot.com/login
08-12-2020 16:07:21 BasePage.java INFO  [main] 67 - Loading the config properties --->
08-12-2020 16:07:26 BasePage.java INFO  [main] 36 - Launching the browser --->chrome
08-12-2020 16:07:44 BasePage.java INFO  [main] 40 - Naviagting to url --->https://app.hubspot.com/login
08-12-2020 16:10:46 BasePage.java INFO  [main] 67 - Loading the config properties --->
08-12-2020 16:10:51 BasePage.java INFO  [main] 36 - Launching the browser --->chrome
08-12-2020 16:10:54 BasePage.java INFO  [main] 40 - Naviagting to url --->https://app.hubspot.com/login
08-12-2020 16:11:14 LoginPage.java INFO  [main] 41 - Log in with the credentials --->muhammedhashin16@gmail.com & Seleniumtesting2020
08-12-2020 16:11:15 LoginPage.java INFO  [main] 45 - Logged in successfully
08-12-2020 16:11:50 ContactPage.java INFO  [main] 38 - click on create contact button
08-12-2020 16:11:54 ContactPage.java INFO  [main] 44 - Enter email --->testUser1@hubspot.com
08-12-2020 16:11:55 ContactPage.java INFO  [main] 49 - Enter firstName --->test
08-12-2020 16:11:56 ContactPage.java INFO  [main] 54 - Enter lastName --->User1
08-12-2020 16:11:56 ContactPage.java INFO  [main] 59 - Save the contact
08-12-2020 16:13:10 BasePage.java INFO  [main] 67 - Loading the config properties --->
08-12-2020 16:13:18 BasePage.java INFO  [main] 36 - Launching the browser --->chrome
08-12-2020 16:13:21 BasePage.java INFO  [main] 40 - Naviagting to url --->https://app.hubspot.com/login
08-12-2020 16:13:37 LoginPage.java INFO  [main] 41 - Log in with the credentials --->muhammedhashin16@gmail.com & Seleniumtesting2020
08-12-2020 16:13:38 LoginPage.java INFO  [main] 45 - Logged in successfully
08-12-2020 16:17:17 BasePage.java INFO  [main] 67 - Loading the config properties --->
08-12-2020 16:17:22 BasePage.java INFO  [main] 36 - Launching the browser --->chrome
08-12-2020 16:17:25 BasePage.java INFO  [main] 40 - Naviagting to url --->https://app.hubspot.com/login
08-12-2020 16:17:39 LoginPage.java INFO  [main] 41 - Log in with the credentials --->muhammedhashin16@gmail.com & Seleniumtesting2020
08-12-2020 16:17:40 LoginPage.java INFO  [main] 45 - Logged in successfully
08-12-2020 16:21:18 BasePage.java INFO  [main] 67 - Loading the config properties --->
08-12-2020 16:21:23 BasePage.java INFO  [main] 36 - Launching the browser --->chrome
08-12-2020 16:21:27 BasePage.java INFO  [main] 40 - Naviagting to url --->https://app.hubspot.com/login
08-12-2020 16:21:41 LoginPage.java INFO  [main] 41 - Log in with the credentials --->muhammedhashin16@gmail.com & Seleniumtesting2020
08-12-2020 16:21:42 LoginPage.java INFO  [main] 45 - Logged in successfully
08-12-2020 16:22:26 BasePage.java INFO  [main] 67 - Loading the config properties --->
08-12-2020 16:22:34 BasePage.java INFO  [main] 36 - Launching the browser --->chrome
08-12-2020 16:22:37 BasePage.java INFO  [main] 40 - Naviagting to url --->https://app.hubspot.com/login
08-12-2020 16:22:51 LoginPage.java INFO  [main] 41 - Log in with the credentials --->muhammedhashin16@gmail.com & Seleniumtesting2020
08-12-2020 16:22:52 LoginPage.java INFO  [main] 45 - Logged in successfully
08-12-2020 16:23:23 ContactPage.java INFO  [main] 65 - Record is displayed in the listtestuser1@hubspot.com
08-14-2020 12:08:45 BasePage.java INFO  [main] 67 - Loading the config properties --->
08-14-2020 12:08:50 BasePage.java INFO  [main] 36 - Launching the browser --->chrome
08-14-2020 12:08:53 BasePage.java INFO  [main] 40 - Naviagting to url --->https://app.hubspot.com/login
08-14-2020 12:08:53 TC_VerifyLoginTest.java INFO  [main] 22 - Test case is started ---> verifyLoginFieldsDisplayed
08-14-2020 12:09:06 LoginPage.java INFO  [main] 57 - Email address field ---> is present on the Login page
08-14-2020 12:09:06 LoginPage.java INFO  [main] 63 - Password field ---> is present on the Login page
08-14-2020 12:09:07 LoginPage.java INFO  [main] 69 - Login button ---> is present on the Login page
08-14-2020 12:09:07 LoginPage.java INFO  [main] 74 - Sign up link ---> is present on the Login page
08-14-2020 12:09:07 LoginPage.java INFO  [main] 84 - Forgot Mypassword link ---> is present on the Login page
08-14-2020 12:09:07 LoginPage.java INFO  [main] 79 - Show password link ---> is present on the Login page
08-14-2020 12:09:07 TC_VerifyLoginTest.java INFO  [main] 33 - Test case is started ---> verifyLoginPageTitle
08-14-2020 12:09:07 TC_VerifyLoginTest.java INFO  [main] 36 - The login page title is verified --->HubSpot Login
08-14-2020 12:09:07 TC_VerifyLoginTest.java INFO  [main] 41 - Test case is started ---> verifyLogin
08-14-2020 12:09:07 LoginPage.java INFO  [main] 41 - Log in with the credentials --->muhammedhashin16@gmail.com & Seleniumtesting2020
08-14-2020 12:09:09 LoginPage.java INFO  [main] 45 - Logged in successfully
08-14-2020 20:36:05 ExtentReportListener.java INFO  [main] 59 - Test Suite started!
08-14-2020 20:36:05 ExtentReportListener.java INFO  [main] 63 - Test Suite is ending!
08-14-2020 20:36:50 ExtentReportListener.java INFO  [main] 59 - Test Suite started!
08-14-2020 20:36:50 BasePage.java INFO  [main] 89 - Loading the config properties --->
08-14-2020 20:36:55 BasePage.java INFO  [main] 57 - Launching the browser --->chrome
08-14-2020 20:36:56 ExtentReportListener.java INFO  [main] 63 - Test Suite is ending!
08-14-2020 20:44:50 ExtentReportListener.java INFO  [main] 59 - Test Suite started!
08-14-2020 20:44:50 BasePage.java INFO  [main] 88 - Loading the config properties --->
08-14-2020 20:44:58 BasePage.java INFO  [main] 53 - Launching the browser --->chrome
08-14-2020 20:45:32 BasePage.java INFO  [main] 57 - Naviagting to url --->https://app.hubspot.com/login
08-14-2020 20:45:32 ExtentReportListener.java INFO  [main] 75 - verifyLoginFieldsDisplayed started!
08-14-2020 20:45:32 TC_VerifyLoginTest.java INFO  [main] 22 - Test case is started ---> verifyLoginFieldsDisplayed
08-14-2020 20:46:30 BaseTest.java INFO  [main] 34 - Quitting the browser....
08-14-2020 20:46:31 ExtentReportListener.java INFO  [main] 63 - Test Suite is ending!
08-26-2020 13:40:41 ExtentReportListener.java INFO  [main] 59 - Test Suite started!
08-26-2020 13:40:41 BasePage.java INFO  [main] 88 - Loading the config properties --->
08-26-2020 13:40:51 BasePage.java INFO  [main] 53 - Launching the browser --->chrome
08-26-2020 13:40:53 BasePage.java INFO  [main] 57 - Naviagting to url --->https://app.hubspot.com/login
08-26-2020 13:40:54 ExtentReportListener.java INFO  [main] 75 - verifyLoginFieldsDisplayed started!
08-26-2020 13:40:54 TC_VerifyLoginTest.java INFO  [main] 22 - Test case is started ---> verifyLoginFieldsDisplayed
08-26-2020 13:40:59 LoginPage.java INFO  [main] 57 - Email address field ---> is present on the Login page
08-26-2020 13:40:59 LoginPage.java INFO  [main] 63 - Password field ---> is present on the Login page
08-26-2020 13:40:59 LoginPage.java INFO  [main] 69 - Login button ---> is present on the Login page
08-26-2020 13:41:00 LoginPage.java INFO  [main] 74 - Sign up link ---> is present on the Login page
08-26-2020 13:41:00 LoginPage.java INFO  [main] 84 - Forgot Mypassword link ---> is present on the Login page
08-26-2020 13:41:00 LoginPage.java INFO  [main] 79 - Show password link ---> is present on the Login page
08-26-2020 13:41:00 ExtentReportListener.java INFO  [main] 75 - verifyLoginPageTitle started!
08-26-2020 13:41:00 TC_VerifyLoginTest.java INFO  [main] 33 - Test case is started ---> verifyLoginPageTitle
08-26-2020 13:41:00 TC_VerifyLoginTest.java INFO  [main] 36 - The login page title is verified --->HubSpot Login
08-26-2020 13:41:00 ExtentReportListener.java INFO  [main] 75 - verifyLogin started!
08-26-2020 13:41:00 TC_VerifyLoginTest.java INFO  [main] 41 - Test case is started ---> verifyLogin
08-26-2020 13:41:00 LoginPage.java INFO  [main] 41 - Log in with the credentials --->muhammedhashin16@gmail.com & Seleniumtesting2020
08-26-2020 13:41:01 LoginPage.java INFO  [main] 45 - Logged in successfully
08-26-2020 13:41:01 BaseTest.java INFO  [main] 34 - Quitting the browser....
08-26-2020 13:41:02 ExtentReportListener.java INFO  [main] 63 - Test Suite is ending!
08-26-2020 13:50:32 ExtentReportListener.java INFO  [main] 59 - Test Suite started!
08-26-2020 13:50:32 BasePage.java INFO  [main] 88 - Loading the config properties --->
08-26-2020 13:50:38 BasePage.java INFO  [main] 53 - Launching the browser --->chrome
08-26-2020 13:50:40 BasePage.java INFO  [main] 57 - Naviagting to url --->https://app.hubspot.com/login
08-26-2020 13:50:40 ExtentReportListener.java INFO  [main] 75 - verifyLoginFieldsDisplayed started!
08-26-2020 13:50:40 TC_VerifyLoginTest.java INFO  [main] 22 - Test case is started ---> verifyLoginFieldsDisplayed
08-26-2020 13:50:47 LoginPage.java INFO  [main] 57 - Email address field ---> is present on the Login page
08-26-2020 13:50:47 LoginPage.java INFO  [main] 63 - Password field ---> is present on the Login page
08-26-2020 13:50:47 LoginPage.java INFO  [main] 69 - Login button ---> is present on the Login page
08-26-2020 13:50:47 LoginPage.java INFO  [main] 74 - Sign up link ---> is present on the Login page
08-26-2020 13:50:47 LoginPage.java INFO  [main] 84 - Forgot Mypassword link ---> is present on the Login page
08-26-2020 13:50:47 LoginPage.java INFO  [main] 79 - Show password link ---> is present on the Login page
08-26-2020 13:50:48 ExtentReportListener.java INFO  [main] 75 - verifyLoginPageTitle started!
08-26-2020 13:50:48 TC_VerifyLoginTest.java INFO  [main] 33 - Test case is started ---> verifyLoginPageTitle
08-26-2020 13:50:48 TC_VerifyLoginTest.java INFO  [main] 36 - The login page title is verified --->HubSpot Login
08-26-2020 13:50:48 ExtentReportListener.java INFO  [main] 75 - verifyLogin started!
08-26-2020 13:50:48 TC_VerifyLoginTest.java INFO  [main] 41 - Test case is started ---> verifyLogin
08-26-2020 13:50:48 LoginPage.java INFO  [main] 41 - Log in with the credentials --->muhammedhashin16@gmail.com & Seleniumtesting2020
08-26-2020 13:50:49 LoginPage.java INFO  [main] 45 - Logged in successfully
08-26-2020 13:50:49 BaseTest.java INFO  [main] 35 - Quitting the browser....
08-26-2020 13:50:51 ExtentReportListener.java INFO  [main] 63 - Test Suite is ending!
09-15-2020 18:30:28 ExtentReportListener.java INFO  [main] 59 - Test Suite started!
09-15-2020 18:30:28 BasePage.java INFO  [main] 88 - Loading the config properties --->
09-15-2020 18:30:34 BasePage.java INFO  [main] 53 - Launching the browser --->chrome
09-15-2020 18:30:36 BasePage.java INFO  [main] 57 - Naviagting to url --->https://app.hubspot.com/login
09-15-2020 18:30:37 ExtentReportListener.java INFO  [main] 75 - verifyCreateContactTest started!
09-15-2020 18:30:44 LoginPage.java INFO  [main] 41 - Log in with the credentials --->muhammedhashin16@gmail.com & Seleniumtesting2020
09-15-2020 18:30:46 LoginPage.java INFO  [main] 45 - Logged in successfully
09-15-2020 18:31:01 ExtentReportListener.java INFO  [main] 75 - verifyContactisDisplayedInTableList started!
09-15-2020 18:31:22 BaseTest.java INFO  [main] 35 - Quitting the browser....
09-15-2020 18:31:23 ExtentReportListener.java INFO  [main] 63 - Test Suite is ending!
09-15-2020 18:31:45 ExtentReportListener.java INFO  [main] 59 - Test Suite started!
09-15-2020 18:31:45 BasePage.java INFO  [main] 88 - Loading the config properties --->
09-15-2020 18:31:50 BasePage.java INFO  [main] 53 - Launching the browser --->chrome
09-15-2020 18:31:52 BasePage.java INFO  [main] 57 - Naviagting to url --->https://app.hubspot.com/login
09-15-2020 18:31:52 ExtentReportListener.java INFO  [main] 75 - verifyCreateContactTest started!
09-15-2020 18:32:00 LoginPage.java INFO  [main] 41 - Log in with the credentials --->muhammedhashin16@gmail.com & Seleniumtesting2020
09-15-2020 18:32:01 LoginPage.java INFO  [main] 45 - Logged in successfully
09-15-2020 18:32:17 ExtentReportListener.java INFO  [main] 75 - verifyContactisDisplayedInTableList started!
09-15-2020 18:32:37 BaseTest.java INFO  [main] 35 - Quitting the browser....
09-15-2020 18:32:38 ExtentReportListener.java INFO  [main] 63 - Test Suite is ending!
09-15-2020 18:32:54 ExtentReportListener.java INFO  [main] 59 - Test Suite started!
09-15-2020 18:32:54 BasePage.java INFO  [main] 88 - Loading the config properties --->
09-15-2020 18:32:59 BasePage.java INFO  [main] 53 - Launching the browser --->chrome
09-15-2020 18:33:01 BasePage.java INFO  [main] 57 - Naviagting to url --->https://app.hubspot.com/login
09-15-2020 18:33:01 ExtentReportListener.java INFO  [main] 75 - verifyCreateContactTest started!
09-15-2020 18:33:09 LoginPage.java INFO  [main] 41 - Log in with the credentials --->muhammedhashin16@gmail.com & Seleniumtesting2020
09-15-2020 18:33:10 LoginPage.java INFO  [main] 45 - Logged in successfully
09-15-2020 18:33:26 ExtentReportListener.java INFO  [main] 75 - verifyContactisDisplayedInTableList started!
09-15-2020 18:33:46 BaseTest.java INFO  [main] 35 - Quitting the browser....
09-15-2020 18:33:46 ExtentReportListener.java INFO  [main] 63 - Test Suite is ending!
11-05-2020 20:51:00 ExtentReportListener.java INFO  [main] 59 - Test Suite started!
11-05-2020 20:51:00 BasePage.java INFO  [main] 88 - Loading the config properties --->
11-05-2020 20:51:09 BasePage.java INFO  [main] 53 - Launching the browser --->chrome
11-05-2020 20:51:15 BasePage.java INFO  [main] 57 - Naviagting to url --->https://www.yatra.com/
11-05-2020 20:51:15 ExtentReportListener.java INFO  [main] 75 - verifyLogin started!
11-05-2020 20:51:51 ExtentReportListener.java INFO  [main] 59 - Test Suite started!
11-05-2020 20:51:51 BasePage.java INFO  [main] 88 - Loading the config properties --->
11-05-2020 20:51:56 BasePage.java INFO  [main] 53 - Launching the browser --->chrome
11-05-2020 20:52:00 BasePage.java INFO  [main] 57 - Naviagting to url --->https://www.yatra.com/
11-05-2020 20:52:01 ExtentReportListener.java INFO  [main] 75 - verifyLogin started!
11-05-2020 20:52:04 BaseTest.java INFO  [main] 41 - Quitting the browser....
11-05-2020 20:52:05 ExtentReportListener.java INFO  [main] 63 - Test Suite is ending!
11-05-2020 20:52:26 ExtentReportListener.java INFO  [main] 59 - Test Suite started!
11-05-2020 20:52:26 BasePage.java INFO  [main] 88 - Loading the config properties --->
11-05-2020 20:52:30 BasePage.java INFO  [main] 53 - Launching the browser --->chrome
11-05-2020 20:52:41 BasePage.java INFO  [main] 57 - Naviagting to url --->https://ui.cogmento.com/
11-05-2020 20:52:41 ExtentReportListener.java INFO  [main] 75 - verifyLogin started!
11-05-2020 20:52:43 BaseTest.java INFO  [main] 41 - Quitting the browser....
11-05-2020 20:52:44 ExtentReportListener.java INFO  [main] 63 - Test Suite is ending!
11-09-2020 13:54:13 ExtentReportListener.java INFO  [main] 59 - Test Suite started!
11-09-2020 13:54:13 BasePage.java INFO  [main] 88 - Loading the config properties --->
11-09-2020 13:54:22 BasePage.java INFO  [main] 53 - Launching the browser --->chrome
11-09-2020 13:54:52 BasePage.java INFO  [main] 57 - Naviagting to url --->https://ui.cogmento.com/
11-09-2020 13:54:52 ExtentReportListener.java INFO  [main] 75 - verifyLogin started!
11-09-2020 13:54:53 BaseTest.java INFO  [main] 41 - Quitting the browser....
11-09-2020 13:54:54 ExtentReportListener.java INFO  [main] 63 - Test Suite is ending!
11-09-2020 13:58:38 ExtentReportListener.java INFO  [main] 59 - Test Suite started!
11-09-2020 13:58:38 BasePage.java INFO  [main] 88 - Loading the config properties --->
11-09-2020 13:58:43 BasePage.java INFO  [main] 53 - Launching the browser --->chrome
11-09-2020 13:58:47 ExtentReportListener.java INFO  [main] 63 - Test Suite is ending!
11-09-2020 13:59:17 ExtentReportListener.java INFO  [main] 59 - Test Suite started!
11-09-2020 13:59:17 BasePage.java INFO  [main] 88 - Loading the config properties --->
11-09-2020 13:59:23 BasePage.java INFO  [main] 53 - Launching the browser --->chrome
11-09-2020 13:59:26 ExtentReportListener.java INFO  [main] 63 - Test Suite is ending!
11-09-2020 14:00:01 ExtentReportListener.java INFO  [main] 59 - Test Suite started!
11-09-2020 14:00:01 BasePage.java INFO  [main] 88 - Loading the config properties --->
11-09-2020 14:00:06 BasePage.java INFO  [main] 53 - Launching the browser --->chrome
11-09-2020 14:00:20 BasePage.java INFO  [main] 57 - Naviagting to url --->https://ui.cogmento.com/
11-09-2020 14:00:20 ExtentReportListener.java INFO  [main] 75 - verifyLogin started!
11-09-2020 14:00:21 BaseTest.java INFO  [main] 41 - Quitting the browser....
11-09-2020 14:00:21 ExtentReportListener.java INFO  [main] 63 - Test Suite is ending!
11-09-2020 14:02:24 ExtentReportListener.java INFO  [main] 59 - Test Suite started!
11-09-2020 14:02:24 BasePage.java INFO  [main] 88 - Loading the config properties --->
11-09-2020 14:02:29 BasePage.java INFO  [main] 53 - Launching the browser --->chrome
11-09-2020 14:02:40 BasePage.java INFO  [main] 57 - Naviagting to url --->https://ui.cogmento.com/
11-09-2020 14:02:40 ExtentReportListener.java INFO  [main] 75 - verifyLogin started!
11-09-2020 14:02:41 BaseTest.java INFO  [main] 41 - Quitting the browser....
11-09-2020 14:02:42 ExtentReportListener.java INFO  [main] 63 - Test Suite is ending!
11-09-2020 14:03:48 ExtentReportListener.java INFO  [main] 59 - Test Suite started!
11-09-2020 14:03:48 BasePage.java INFO  [main] 88 - Loading the config properties --->
11-09-2020 14:03:53 BasePage.java INFO  [main] 53 - Launching the browser --->chrome
11-09-2020 14:03:57 ExtentReportListener.java INFO  [main] 63 - Test Suite is ending!
11-09-2020 14:05:07 ExtentReportListener.java INFO  [main] 59 - Test Suite started!
11-09-2020 14:05:07 BasePage.java INFO  [main] 88 - Loading the config properties --->
11-09-2020 14:05:11 BasePage.java INFO  [main] 53 - Launching the browser --->chrome
11-09-2020 14:05:20 BasePage.java INFO  [main] 57 - Naviagting to url --->https://ui.cogmento.com/
11-09-2020 14:05:20 ExtentReportListener.java INFO  [main] 75 - verifyLogin started!
11-09-2020 14:05:22 ExtentReportListener.java INFO  [main] 63 - Test Suite is ending!
11-09-2020 15:28:11 ExtentReportListener.java INFO  [main] 59 - Test Suite started!
11-09-2020 15:28:11 BasePage.java INFO  [main] 88 - Loading the config properties --->
11-09-2020 15:28:16 BasePage.java INFO  [main] 53 - Launching the browser --->chrome
11-09-2020 15:28:26 BasePage.java INFO  [main] 57 - Naviagting to url --->https://ui.cogmento.com/
11-09-2020 15:28:27 ExtentReportListener.java INFO  [main] 75 - verifyLogin started!
11-09-2020 15:28:28 ExtentReportListener.java INFO  [main] 63 - Test Suite is ending!
11-09-2020 15:30:00 ExtentReportListener.java INFO  [main] 59 - Test Suite started!
11-09-2020 15:30:00 BasePage.java INFO  [main] 88 - Loading the config properties --->
11-09-2020 15:30:04 BasePage.java INFO  [main] 53 - Launching the browser --->chrome
11-09-2020 15:30:15 BasePage.java INFO  [main] 57 - Naviagting to url --->https://ui.cogmento.com/
11-09-2020 15:30:15 ExtentReportListener.java INFO  [main] 75 - verifyLogin started!
11-09-2020 15:30:17 ExtentReportListener.java INFO  [main] 63 - Test Suite is ending!
11-09-2020 15:31:12 ExtentReportListener.java INFO  [main] 59 - Test Suite started!
11-09-2020 15:31:13 BasePage.java INFO  [main] 88 - Loading the config properties --->
11-09-2020 15:31:18 BasePage.java INFO  [main] 53 - Launching the browser --->chrome
11-09-2020 15:31:34 BasePage.java INFO  [main] 57 - Naviagting to url --->https://ui.cogmento.com/
11-09-2020 15:31:34 ExtentReportListener.java INFO  [main] 75 - verifyLogin started!
11-09-2020 15:38:08 ExtentReportListener.java INFO  [main] 59 - Test Suite started!
11-09-2020 15:38:08 BasePage.java INFO  [main] 88 - Loading the config properties --->
11-09-2020 15:38:14 BasePage.java INFO  [main] 53 - Launching the browser --->chrome
11-09-2020 15:38:28 BasePage.java INFO  [main] 57 - Naviagting to url --->https://ui.cogmento.com/
11-09-2020 15:38:28 ExtentReportListener.java INFO  [main] 75 - verifyLogin started!
11-09-2020 15:38:29 ExtentReportListener.java INFO  [main] 63 - Test Suite is ending!
11-09-2020 15:39:51 ExtentReportListener.java INFO  [main] 59 - Test Suite started!
11-09-2020 15:39:51 BasePage.java INFO  [main] 88 - Loading the config properties --->
11-09-2020 15:39:56 BasePage.java INFO  [main] 53 - Launching the browser --->chrome
11-09-2020 15:40:09 BasePage.java INFO  [main] 57 - Naviagting to url --->https://ui.cogmento.com/
11-09-2020 15:40:10 ExtentReportListener.java INFO  [main] 75 - verifyLogin started!
11-09-2020 15:40:13 ExtentReportListener.java INFO  [main] 63 - Test Suite is ending!
11-09-2020 15:45:44 ExtentReportListener.java INFO  [main] 59 - Test Suite started!
11-09-2020 15:45:44 BasePage.java INFO  [main] 88 - Loading the config properties --->
11-09-2020 15:45:49 BasePage.java INFO  [main] 53 - Launching the browser --->chrome
11-09-2020 15:46:02 BasePage.java INFO  [main] 57 - Naviagting to url --->https://ui.cogmento.com/
11-09-2020 15:46:03 ExtentReportListener.java INFO  [main] 75 - verifyLogin started!
11-09-2020 15:46:07 ExtentReportListener.java INFO  [main] 63 - Test Suite is ending!
11-09-2020 15:56:07 ExtentReportListener.java INFO  [main] 59 - Test Suite started!
11-09-2020 15:56:07 BasePage.java INFO  [main] 88 - Loading the config properties --->
11-09-2020 15:56:12 BasePage.java INFO  [main] 53 - Launching the browser --->chrome
11-09-2020 15:56:21 BasePage.java INFO  [main] 57 - Naviagting to url --->https://ui.cogmento.com/
11-09-2020 15:56:22 ExtentReportListener.java INFO  [main] 75 - verifyCreateNewContact started!
11-09-2020 15:56:23 ExtentReportListener.java INFO  [main] 63 - Test Suite is ending!
11-09-2020 15:57:21 ExtentReportListener.java INFO  [main] 59 - Test Suite started!
11-09-2020 15:57:21 BasePage.java INFO  [main] 88 - Loading the config properties --->
11-09-2020 15:57:26 BasePage.java INFO  [main] 53 - Launching the browser --->chrome
11-09-2020 15:57:35 BasePage.java INFO  [main] 57 - Naviagting to url --->https://ui.cogmento.com/
11-09-2020 15:57:35 ExtentReportListener.java INFO  [main] 75 - verifyCreateNewContact started!
11-09-2020 15:57:38 ExtentReportListener.java INFO  [main] 63 - Test Suite is ending!
11-09-2020 16:08:13 ExtentReportListener.java INFO  [main] 59 - Test Suite started!
11-09-2020 16:08:13 BasePage.java INFO  [main] 88 - Loading the config properties --->
11-09-2020 16:08:18 BasePage.java INFO  [main] 53 - Launching the browser --->chrome
11-09-2020 16:08:36 BasePage.java INFO  [main] 57 - Naviagting to url --->https://ui.cogmento.com/
11-09-2020 16:08:36 ExtentReportListener.java INFO  [main] 75 - verifyCreateNewContact started!
11-09-2020 16:08:41 ExtentReportListener.java INFO  [main] 63 - Test Suite is ending!
11-09-2020 16:09:23 ExtentReportListener.java INFO  [main] 59 - Test Suite started!
11-09-2020 16:09:23 BasePage.java INFO  [main] 88 - Loading the config properties --->
11-09-2020 16:09:28 BasePage.java INFO  [main] 53 - Launching the browser --->chrome
11-09-2020 16:09:39 BasePage.java INFO  [main] 57 - Naviagting to url --->https://ui.cogmento.com/
11-09-2020 16:09:39 ExtentReportListener.java INFO  [main] 75 - verifyCreateNewContact started!
11-09-2020 16:09:42 ContactPage.java INFO  [main] 34 - click on create contact button
11-09-2020 16:09:42 ExtentReportListener.java INFO  [main] 63 - Test Suite is ending!
11-09-2020 16:21:35 ExtentReportListener.java INFO  [main] 59 - Test Suite started!
11-09-2020 16:21:35 BasePage.java INFO  [main] 88 - Loading the config properties --->
11-09-2020 16:21:41 BasePage.java INFO  [main] 53 - Launching the browser --->chrome
11-09-2020 16:21:59 BasePage.java INFO  [main] 57 - Naviagting to url --->https://ui.cogmento.com/
11-09-2020 16:21:59 ExtentReportListener.java INFO  [main] 75 - verifyCreateNewContact started!
11-09-2020 16:22:04 ContactPage.java INFO  [main] 38 - click on create contact button
11-09-2020 16:22:07 ExtentReportListener.java INFO  [main] 63 - Test Suite is ending!
11-09-2020 16:39:00 ExtentReportListener.java INFO  [main] 59 - Test Suite started!
11-09-2020 16:39:00 BasePage.java INFO  [main] 88 - Loading the config properties --->
11-09-2020 16:39:35 ExtentReportListener.java INFO  [main] 59 - Test Suite started!
11-09-2020 16:39:35 BasePage.java INFO  [main] 88 - Loading the config properties --->
11-09-2020 16:39:50 ExtentReportListener.java INFO  [main] 63 - Test Suite is ending!
11-09-2020 16:39:58 ExtentReportListener.java INFO  [main] 59 - Test Suite started!
11-09-2020 16:39:58 BasePage.java INFO  [main] 88 - Loading the config properties --->
11-09-2020 16:40:02 BasePage.java INFO  [main] 53 - Launching the browser --->chrome
11-09-2020 16:40:06 BasePage.java INFO  [main] 57 - Naviagting to url --->https://ui.cogmento.com/
11-09-2020 16:40:06 ExtentReportListener.java INFO  [main] 75 - verifyCreateNewContact started!
11-09-2020 16:40:06 ExtentReportListener.java INFO  [main] 63 - Test Suite is ending!
11-09-2020 16:40:21 ExtentReportListener.java INFO  [main] 59 - Test Suite started!
11-09-2020 16:40:21 BasePage.java INFO  [main] 88 - Loading the config properties --->
11-09-2020 16:40:26 BasePage.java INFO  [main] 53 - Launching the browser --->chrome
11-09-2020 16:40:34 BasePage.java INFO  [main] 57 - Naviagting to url --->https://ui.cogmento.com/
11-09-2020 16:40:34 ExtentReportListener.java INFO  [main] 75 - verifyCreateNewContact started!
11-09-2020 16:40:39 ExtentReportListener.java INFO  [main] 63 - Test Suite is ending!
11-09-2020 16:57:21 ExtentReportListener.java INFO  [main] 59 - Test Suite started!
11-09-2020 16:57:21 BasePage.java INFO  [main] 88 - Loading the config properties --->
11-09-2020 16:57:26 BasePage.java INFO  [main] 53 - Launching the browser --->chrome
11-09-2020 16:57:35 BasePage.java INFO  [main] 57 - Naviagting to url --->https://ui.cogmento.com/
11-09-2020 16:57:35 ExtentReportListener.java INFO  [main] 75 - verifyCreateNewContact started!
11-09-2020 16:57:40 ExtentReportListener.java INFO  [main] 63 - Test Suite is ending!
11-09-2020 16:58:19 ExtentReportListener.java INFO  [main] 59 - Test Suite started!
11-09-2020 16:58:19 BasePage.java INFO  [main] 88 - Loading the config properties --->
11-09-2020 16:58:24 BasePage.java INFO  [main] 53 - Launching the browser --->chrome
11-09-2020 16:58:34 BasePage.java INFO  [main] 57 - Naviagting to url --->https://ui.cogmento.com/
11-09-2020 16:58:35 ExtentReportListener.java INFO  [main] 75 - verifyCreateNewContact started!
11-09-2020 16:58:54 ExtentReportListener.java INFO  [main] 63 - Test Suite is ending!
11-09-2020 17:01:10 ExtentReportListener.java INFO  [main] 59 - Test Suite started!
11-09-2020 17:01:10 BasePage.java INFO  [main] 88 - Loading the config properties --->
11-09-2020 17:01:15 BasePage.java INFO  [main] 53 - Launching the browser --->chrome
11-09-2020 17:01:25 BasePage.java INFO  [main] 57 - Naviagting to url --->https://ui.cogmento.com/
11-09-2020 17:01:25 ExtentReportListener.java INFO  [main] 75 - verifyCreateNewContact started!
11-09-2020 17:01:29 ExtentReportListener.java INFO  [main] 63 - Test Suite is ending!
11-09-2020 17:03:59 ExtentReportListener.java INFO  [main] 59 - Test Suite started!
11-09-2020 17:03:59 BasePage.java INFO  [main] 88 - Loading the config properties --->
11-09-2020 17:04:04 BasePage.java INFO  [main] 53 - Launching the browser --->chrome
11-09-2020 17:04:15 BasePage.java INFO  [main] 57 - Naviagting to url --->https://ui.cogmento.com/
11-09-2020 17:04:15 ExtentReportListener.java INFO  [main] 75 - verifyCreateNewContact started!
11-09-2020 17:04:19 ExtentReportListener.java INFO  [main] 63 - Test Suite is ending!
11-09-2020 17:06:39 ExtentReportListener.java INFO  [main] 59 - Test Suite started!
11-09-2020 17:06:39 BasePage.java INFO  [main] 88 - Loading the config properties --->
11-09-2020 17:06:44 BasePage.java INFO  [main] 53 - Launching the browser --->chrome
11-09-2020 17:06:55 BasePage.java INFO  [main] 57 - Naviagting to url --->https://ui.cogmento.com/
11-09-2020 17:06:55 ExtentReportListener.java INFO  [main] 75 - verifyCreateNewContact started!
11-09-2020 17:08:15 ExtentReportListener.java INFO  [main] 63 - Test Suite is ending!
11-09-2020 17:13:37 ExtentReportListener.java INFO  [main] 59 - Test Suite started!
11-09-2020 17:13:37 BasePage.java INFO  [main] 88 - Loading the config properties --->
11-09-2020 17:13:41 BasePage.java INFO  [main] 53 - Launching the browser --->chrome
11-09-2020 17:13:51 BasePage.java INFO  [main] 57 - Naviagting to url --->https://ui.cogmento.com/
11-09-2020 17:13:52 ExtentReportListener.java INFO  [main] 75 - verifyCreateNewContact started!
11-09-2020 17:13:55 ExtentReportListener.java INFO  [main] 63 - Test Suite is ending!
11-09-2020 17:16:22 ExtentReportListener.java INFO  [main] 59 - Test Suite started!
11-09-2020 17:16:22 BasePage.java INFO  [main] 88 - Loading the config properties --->
11-09-2020 17:16:27 BasePage.java INFO  [main] 53 - Launching the browser --->chrome
11-09-2020 17:16:37 BasePage.java INFO  [main] 57 - Naviagting to url --->https://ui.cogmento.com/
11-09-2020 17:16:37 ExtentReportListener.java INFO  [main] 75 - verifyCreateNewContact started!
11-09-2020 17:16:55 ExtentReportListener.java INFO  [main] 63 - Test Suite is ending!
11-09-2020 17:20:07 ExtentReportListener.java INFO  [main] 59 - Test Suite started!
11-09-2020 17:20:07 BasePage.java INFO  [main] 88 - Loading the config properties --->
11-09-2020 17:20:12 BasePage.java INFO  [main] 53 - Launching the browser --->chrome
11-09-2020 17:20:20 BasePage.java INFO  [main] 57 - Naviagting to url --->https://ui.cogmento.com/
11-09-2020 17:20:20 ExtentReportListener.java INFO  [main] 75 - verifyCreateNewContact started!
11-09-2020 17:20:39 ExtentReportListener.java INFO  [main] 63 - Test Suite is ending!
11-09-2020 17:21:25 ExtentReportListener.java INFO  [main] 59 - Test Suite started!
11-09-2020 17:21:25 BasePage.java INFO  [main] 88 - Loading the config properties --->
11-09-2020 17:21:30 BasePage.java INFO  [main] 53 - Launching the browser --->chrome
11-09-2020 17:21:39 BasePage.java INFO  [main] 57 - Naviagting to url --->https://ui.cogmento.com/
11-09-2020 17:21:39 ExtentReportListener.java INFO  [main] 75 - verifyCreateNewContact started!
11-09-2020 17:21:43 ExtentReportListener.java INFO  [main] 63 - Test Suite is ending!
11-09-2020 18:36:04 ExtentReportListener.java INFO  [main] 59 - Test Suite started!
11-09-2020 18:36:04 BasePage.java INFO  [main] 88 - Loading the config properties --->
11-09-2020 18:36:09 BasePage.java INFO  [main] 53 - Launching the browser --->chrome
11-09-2020 18:36:19 BasePage.java INFO  [main] 57 - Naviagting to url --->https://ui.cogmento.com/
11-09-2020 18:36:20 ExtentReportListener.java INFO  [main] 75 - verifyCreateNewContact started!
11-09-2020 18:36:29 ExtentReportListener.java INFO  [main] 63 - Test Suite is ending!
11-09-2020 18:37:45 ExtentReportListener.java INFO  [main] 59 - Test Suite started!
11-09-2020 18:37:46 BasePage.java INFO  [main] 88 - Loading the config properties --->
11-09-2020 18:37:50 BasePage.java INFO  [main] 53 - Launching the browser --->chrome
11-09-2020 18:38:02 BasePage.java INFO  [main] 57 - Naviagting to url --->https://ui.cogmento.com/
11-09-2020 18:38:02 ExtentReportListener.java INFO  [main] 75 - verifyCreateNewContact started!
11-09-2020 18:38:58 ExtentReportListener.java INFO  [main] 63 - Test Suite is ending!
11-09-2020 18:44:31 ExtentReportListener.java INFO  [main] 59 - Test Suite started!
11-09-2020 18:44:31 BasePage.java INFO  [main] 88 - Loading the config properties --->
11-09-2020 18:44:37 BasePage.java INFO  [main] 53 - Launching the browser --->chrome
11-09-2020 18:44:46 BasePage.java INFO  [main] 57 - Naviagting to url --->https://ui.cogmento.com/
11-09-2020 18:44:46 ExtentReportListener.java INFO  [main] 75 - verifyCreateNewContact started!
11-09-2020 18:45:40 ExtentReportListener.java INFO  [main] 63 - Test Suite is ending!
11-09-2020 18:47:37 ExtentReportListener.java INFO  [main] 59 - Test Suite started!
11-09-2020 18:47:37 BasePage.java INFO  [main] 88 - Loading the config properties --->
11-09-2020 18:47:42 BasePage.java INFO  [main] 53 - Launching the browser --->chrome
11-09-2020 18:47:50 BasePage.java INFO  [main] 57 - Naviagting to url --->https://ui.cogmento.com/
11-09-2020 18:47:50 ExtentReportListener.java INFO  [main] 75 - verifyCreateNewContact started!
11-09-2020 18:47:53 ContactPage.java INFO  [main] 39 - click on create contact button
11-09-2020 18:47:56 ExtentReportListener.java INFO  [main] 63 - Test Suite is ending!
11-09-2020 18:48:19 ExtentReportListener.java INFO  [main] 59 - Test Suite started!
11-09-2020 18:48:19 BasePage.java INFO  [main] 88 - Loading the config properties --->
11-09-2020 18:48:24 BasePage.java INFO  [main] 53 - Launching the browser --->chrome
11-09-2020 18:48:33 BasePage.java INFO  [main] 57 - Naviagting to url --->https://ui.cogmento.com/
11-09-2020 18:48:33 ExtentReportListener.java INFO  [main] 75 - verifyCreateNewContact started!
11-09-2020 18:48:36 ContactPage.java INFO  [main] 39 - click on create contact button
11-09-2020 18:48:39 ExtentReportListener.java INFO  [main] 63 - Test Suite is ending!
11-09-2020 18:50:32 ExtentReportListener.java INFO  [main] 59 - Test Suite started!
11-09-2020 18:50:32 BasePage.java INFO  [main] 88 - Loading the config properties --->
11-09-2020 18:50:37 BasePage.java INFO  [main] 53 - Launching the browser --->chrome
11-09-2020 18:50:46 BasePage.java INFO  [main] 57 - Naviagting to url --->https://ui.cogmento.com/
11-09-2020 18:50:47 ExtentReportListener.java INFO  [main] 75 - verifyCreateNewContact started!
11-09-2020 18:50:50 ContactPage.java INFO  [main] 39 - click on create contact button
11-09-2020 18:50:53 ExtentReportListener.java INFO  [main] 63 - Test Suite is ending!
11-09-2020 18:52:08 ExtentReportListener.java INFO  [main] 59 - Test Suite started!
11-09-2020 18:52:08 BasePage.java INFO  [main] 88 - Loading the config properties --->
11-09-2020 18:52:13 BasePage.java INFO  [main] 53 - Launching the browser --->chrome
11-09-2020 18:52:22 BasePage.java INFO  [main] 57 - Naviagting to url --->https://ui.cogmento.com/
11-09-2020 18:52:22 ExtentReportListener.java INFO  [main] 75 - verifyCreateNewContact started!
11-09-2020 18:52:26 ExtentReportListener.java INFO  [main] 63 - Test Suite is ending!
11-09-2020 18:54:58 ExtentReportListener.java INFO  [main] 59 - Test Suite started!
11-09-2020 18:54:58 BasePage.java INFO  [main] 88 - Loading the config properties --->
11-09-2020 18:55:03 BasePage.java INFO  [main] 53 - Launching the browser --->chrome
11-09-2020 18:55:13 BasePage.java INFO  [main] 57 - Naviagting to url --->https://ui.cogmento.com/
11-09-2020 18:55:14 ExtentReportListener.java INFO  [main] 75 - verifyCreateNewContact started!
11-09-2020 18:55:17 ExtentReportListener.java INFO  [main] 63 - Test Suite is ending!
11-09-2020 18:55:57 ExtentReportListener.java INFO  [main] 59 - Test Suite started!
11-09-2020 18:55:57 BasePage.java INFO  [main] 88 - Loading the config properties --->
11-09-2020 18:56:02 BasePage.java INFO  [main] 53 - Launching the browser --->chrome
11-09-2020 18:56:13 BasePage.java INFO  [main] 57 - Naviagting to url --->https://ui.cogmento.com/
11-09-2020 18:56:13 ExtentReportListener.java INFO  [main] 75 - verifyCreateNewContact started!
11-09-2020 18:56:18 ExtentReportListener.java INFO  [main] 63 - Test Suite is ending!
11-09-2020 19:16:57 ExtentReportListener.java INFO  [main] 59 - Test Suite started!
11-09-2020 19:16:57 BasePage.java INFO  [main] 88 - Loading the config properties --->
11-09-2020 19:17:07 BasePage.java INFO  [main] 53 - Launching the browser --->chrome
11-09-2020 19:17:17 BasePage.java INFO  [main] 57 - Naviagting to url --->https://ui.cogmento.com/
11-09-2020 19:17:18 ExtentReportListener.java INFO  [main] 75 - verifyCreateNewContact started!
11-09-2020 19:17:24 ExtentReportListener.java INFO  [main] 63 - Test Suite is ending!
11-18-2020 19:29:05 ExtentReportListener.java INFO  [main] 59 - Test Suite started!
11-18-2020 19:29:05 BasePage.java INFO  [main] 88 - Loading the config properties --->
11-18-2020 19:29:20 BasePage.java INFO  [main] 53 - Launching the browser --->chrome
11-18-2020 19:29:40 BasePage.java INFO  [main] 57 - Naviagting to url --->https://ui.cogmento.com/
11-18-2020 19:29:43 ExtentReportListener.java INFO  [main] 63 - Test Suite is ending!
11-18-2020 19:34:43 ExtentReportListener.java INFO  [main] 59 - Test Suite started!
11-18-2020 19:34:43 BasePage.java INFO  [main] 88 - Loading the config properties --->
11-18-2020 19:34:49 BasePage.java INFO  [main] 53 - Launching the browser --->chrome
11-18-2020 19:35:40 BasePage.java INFO  [main] 57 - Naviagting to url --->https://ui.cogmento.com/
11-18-2020 19:35:42 ExtentReportListener.java INFO  [main] 63 - Test Suite is ending!
11-18-2020 19:37:31 ExtentReportListener.java INFO  [main] 59 - Test Suite started!
11-18-2020 19:37:31 BasePage.java INFO  [main] 88 - Loading the config properties --->
11-18-2020 19:37:36 BasePage.java INFO  [main] 53 - Launching the browser --->chrome
11-18-2020 19:38:13 BasePage.java INFO  [main] 57 - Naviagting to url --->https://ui.cogmento.com/
11-18-2020 19:38:15 ExtentReportListener.java INFO  [main] 75 - verifyCreateNewContact started!
11-18-2020 19:38:20 ContactPage.java INFO  [main] 39 - click on create contact button
11-18-2020 19:38:25 ExtentReportListener.java INFO  [main] 63 - Test Suite is ending!
